<?xml version="1.0" encoding="UTF-8"?>
<testng-results ignored="0" total="2" passed="2" failed="0" skipped="0">
  <reporter-output>
  </reporter-output>
  <suite started-at="2024-11-13T15:50:17 EET" name="Surefire suite" finished-at="2024-11-13T15:50:17 EET" duration-ms="31">
    <groups>
    </groups>
    <test started-at="2024-11-13T15:50:17 EET" name="Surefire test" finished-at="2024-11-13T15:50:17 EET" duration-ms="31">
      <class name="com.endava.nasa.atf.steps.NasaApiSteps">
        <test-method signature="testApiConnection()[pri:0, instance:com.endava.nasa.atf.steps.NasaApiSteps@1b7cc17c]" started-at="2024-11-13T15:50:17 EET" name="testApiConnection" finished-at="2024-11-13T15:50:17 EET" duration-ms="4" status="PASS">
          <reporter-output>
          </reporter-output>
        </test-method> <!-- testApiConnection -->
        <test-method signature="testBaseFunctionality()[pri:0, instance:com.endava.nasa.atf.steps.NasaApiSteps@1b7cc17c]" started-at="2024-11-13T15:50:17 EET" name="testBaseFunctionality" finished-at="2024-11-13T15:50:17 EET" duration-ms="0" status="PASS">
          <reporter-output>
          </reporter-output>
        </test-method> <!-- testBaseFunctionality -->
      </class> <!-- com.endava.nasa.atf.steps.NasaApiSteps -->
    </test> <!-- Surefire test -->
  </suite> <!-- Surefire suite -->
</testng-results>
