<?xml version="1.0" encoding="UTF-8"?>
<testng-results ignored="0" total="1" passed="1" failed="0" skipped="0">
  <reporter-output>
  </reporter-output>
  <suite started-at="2024-11-27T17:35:47 EET" name="Command line suite" finished-at="2024-11-27T17:36:31 EET" duration-ms="43266">
    <groups>
    </groups>
    <test started-at="2024-11-27T17:35:47 EET" name="Command line test" finished-at="2024-11-27T17:36:31 EET" duration-ms="43266">
      <class name="org.example.NasaWebTest">
        <test-method signature="testWebPageInteractions()[pri:0, instance:org.example.NasaWebTest@172b013]" started-at="2024-11-27T17:35:47 EET" name="testWebPageInteractions" finished-at="2024-11-27T17:36:31 EET" duration-ms="43266" status="PASS">
          <reporter-output>
          </reporter-output>
        </test-method> <!-- testWebPageInteractions -->
      </class> <!-- org.example.NasaWebTest -->
    </test> <!-- Command line test -->
  </suite> <!-- Command line suite -->
</testng-results>
