<?xml version="1.0" encoding="UTF-8"?>
<testng-results ignored="0" total="1" passed="1" failed="0" skipped="0">
  <reporter-output>
  </reporter-output>
  <suite started-at="2024-11-13T16:29:48 EET" name="Command line suite" finished-at="2024-11-13T16:29:48 EET" duration-ms="1">
    <groups>
    </groups>
    <test started-at="2024-11-13T16:29:48 EET" name="Command line test" finished-at="2024-11-13T16:29:48 EET" duration-ms="1">
      <class name="org.example.NasaWebTest">
        <test-method signature="testWebPage()[pri:0, instance:org.example.NasaWebTest@1fb669c3]" started-at="2024-11-13T16:29:48 EET" name="testWebPage" finished-at="2024-11-13T16:29:48 EET" duration-ms="0" status="PASS">
          <reporter-output>
          </reporter-output>
        </test-method> <!-- testWebPage -->
      </class> <!-- org.example.NasaWebTest -->
    </test> <!-- Command line test -->
  </suite> <!-- Command line suite -->
</testng-results>
